==========  UCGS 更新升级  ===============
--2.4.4 build180419
增加缓存服务器管理，动态配置服务器信息
站点可设置缓存服务器，每个站点都可以设置不同的服务器
缓存服务器信息iP为localhost为约定默认服务器，站点在没有单独设置缓存服务器的情况下都会映射为默认缓存服务器

--2.4.3 build180409
增加图片分辨率获取，同步图片到指定服务器
上传图片可上传到图片缓存服务器
接口数据中图片地址映射成图片缓存服务器地址

--2.4.2 build180401
1，文章数据接口增加图片缓存地址配置，可动态调整图片路径
2，更新数据接口为嵌套数据格式，增加FullSiteData.java


-- 2016-11-03 v2.1.2
1，更新网站导出数据选择部分栏目无法导出文章数据bug
2，增加网站数据导出时同时导出文字模板数据
3，修改文章排序机制
4，增加系统升级功能 --> NGB-W

-- 2016-10-29 v2.1.1
1，增加机构管理功能
2，更新权限设置模块，增加区域权限控制
